<?xml version="1.0" encoding="utf-8"?><testsuites name="pytest tests"><testsuite name="pytest" errors="0" failures="0" skipped="0" tests="26" time="10.431" timestamp="2026-07-11T13:10:12.695450+00:00" hostname="agent-env-7cf3018d-b2af-4224-a6a7-fb9704030e0b"><testcase classname="tests.backend_test.TestAuth" name="test_login_success_sets_cookies" time="0.337" /><testcase classname="tests.backend_test.TestAuth" name="test_login_invalid_credentials" time="0.484" /><testcase classname="tests.test_ross1000.TestRoss1000PreviewAndExport" name="test_preview_400_when_not_configured" time="0.823" /><testcase classname="tests.test_ross1000.TestRoss1000PreviewAndExport" name="test_export_xml_400_when_not_configured" time="0.048" /><testcase classname="tests.test_ross1000.TestRoss1000PreviewAndExport" name="test_configure_settings" time="0.043" /><testcase classname="tests.test_ross1000.TestRoss1000PreviewAndExport" name="test_create_two_bookings_and_verify_stats" time="0.359" /><testcase classname="tests.backend_test.TestAuth" name="test_me_with_cookie" time="0.407" /><testcase classname="tests.backend_test.TestAuth" name="test_protected_endpoints_reject_without_cookie" time="0.510" /><testcase classname="tests.test_ross1000.TestRoss1000PreviewAndExport" name="test_export_xml_structure_and_mapping" time="0.046" /><testcase classname="tests.test_ross1000.TestRoss1000PreviewAndExport" name="test_channel_mapping_direct_and_other" time="0.435" /><testcase classname="tests.backend_test.TestBookings" name="test_net_revenue_math_airbnb" time="0.083" /><testcase classname="tests.backend_test.TestBookings" name="test_net_revenue_math_booking" time="0.304" /><testcase classname="tests.backend_test.TestBookings" name="test_net_revenue_math_direct" time="0.126" /><testcase classname="tests.backend_test.TestAlloggiati" name="test_alloggiati_preview" time="0.469" /><testcase classname="tests.backend_test.TestAlloggiati" name="test_alloggiati_export_txt" time="0.043" /><testcase classname="tests.backend_test.TestBookings" name="test_bookings_crud_flow" time="0.472" /><testcase classname="tests.backend_test.TestAlloggiati" name="test_alloggiati_export_zip" time="0.138" /><testcase classname="tests.test_ross1000.TestRoss1000Settings" name="test_defaults_for_new_user" time="0.367" /><testcase classname="tests.backend_test.TestPublicRegistration" name="test_public_registration_with_photo" time="0.414" /><testcase classname="tests.test_ross1000.TestRoss1000Settings" name="test_post_and_persist_upsert" time="0.786" /><testcase classname="tests.backend_test.TestPublicRegistration" name="test_public_property_info" time="0.088" /><testcase classname="tests.backend_test.TestPricingAI" name="test_pricing_suggest_returns_valid_json" time="6.059" /><testcase classname="tests.backend_test.TestDashboard" name="test_dashboard_stats_shape" time="0.047" /><testcase classname="tests.backend_test.TestInventory" name="test_inventory_crud" time="0.181" /><testcase classname="tests.backend_test.TestExpenses" name="test_expense_crud" time="0.291" /><testcase classname="tests.test_ross1000.TestRoss1000Auth" name="test_all_endpoints_reject_without_cookie" time="0.276" /></testsuite></testsuites>