<?xml version="1.0" encoding="utf-8"?><testsuites name="pytest tests"><testsuite name="pytest" errors="0" failures="0" skipped="0" tests="9" time="2.341" timestamp="2026-07-11T13:10:05.139729+00:00" hostname="agent-env-7cf3018d-b2af-4224-a6a7-fb9704030e0b"><testcase classname="tests.test_ross1000.TestRoss1000Settings" name="test_defaults_for_new_user" time="0.722" /><testcase classname="tests.test_ross1000.TestRoss1000PreviewAndExport" name="test_preview_400_when_not_configured" time="0.720" /><testcase classname="tests.test_ross1000.TestRoss1000PreviewAndExport" name="test_export_xml_400_when_not_configured" time="0.044" /><testcase classname="tests.test_ross1000.TestRoss1000PreviewAndExport" name="test_configure_settings" time="0.043" /><testcase classname="tests.test_ross1000.TestRoss1000PreviewAndExport" name="test_create_two_bookings_and_verify_stats" time="0.385" /><testcase classname="tests.test_ross1000.TestRoss1000Settings" name="test_post_and_persist_upsert" time="0.718" /><testcase classname="tests.test_ross1000.TestRoss1000PreviewAndExport" name="test_export_xml_structure_and_mapping" time="0.063" /><testcase classname="tests.test_ross1000.TestRoss1000PreviewAndExport" name="test_channel_mapping_direct_and_other" time="0.492" /><testcase classname="tests.test_ross1000.TestRoss1000Auth" name="test_all_endpoints_reject_without_cookie" time="0.259" /></testsuite></testsuites>